<?xml version="1.0" encoding="utf-8" standalone="no"?>
<!--This file represents the results of running a test suite-->
<test-results name="C:\Users\SOHY\Desktop\Sales-Solution\Sales.DataAccess.Test\bin\Debug\Sales.DataAccess.Test.dll" total="3" errors="0" failures="0" not-run="0" inconclusive="0" ignored="0" skipped="0" invalid="0" date="2015-03-03" time="00:26:28">
  <environment nunit-version="2.6.4.14350" clr-version="2.0.50727.5420" os-version="Microsoft Windows NT 6.1.7601 Service Pack 1" platform="Win32NT" cwd="C:\Program Files (x86)\NUnit 2.6.4\bin" machine-name="SOHY-PC" user="SOHY" user-domain="SOHY-PC" />
  <culture-info current-culture="en-US" current-uiculture="en-US" />
  <test-suite type="Assembly" name="C:\Users\SOHY\Desktop\Sales-Solution\Sales.DataAccess.Test\bin\Debug\Sales.DataAccess.Test.dll" executed="True" result="Success" success="True" time="9.982" asserts="0">
    <results>
      <test-suite type="Namespace" name="Sales" executed="True" result="Success" success="True" time="9.962" asserts="0">
        <results>
          <test-suite type="Namespace" name="DataAccess" executed="True" result="Success" success="True" time="9.961" asserts="0">
            <results>
              <test-suite type="Namespace" name="Test" executed="True" result="Success" success="True" time="9.961" asserts="0">
                <results>
                  <test-suite type="TestFixture" name="Test" executed="True" result="Success" success="True" time="9.958" asserts="0">
                    <results>
                      <test-case name="Sales.DataAccess.Test.Test.GetAndOrder" executed="True" result="Success" success="True" time="8.061" asserts="1" />
                      <test-case name="Sales.DataAccess.Test.Test.GetList" executed="True" result="Success" success="True" time="0.126" asserts="1" />
                      <test-case name="Sales.DataAccess.Test.Test.GetPrimaryKeyValue" executed="True" result="Success" success="True" time="0.431" asserts="1" />
                    </results>
                  </test-suite>
                </results>
              </test-suite>
            </results>
          </test-suite>
        </results>
      </test-suite>
    </results>
  </test-suite>
</test-results>