<?xml version="1.0" encoding="utf-8" standalone="no"?>
<!--This file represents the results of running a test suite-->
<test-results name="C:\Users\SOHY\Desktop\Sales-Solution\Sales.Services.Test\bin\Debug\Sales.Services.Test.dll" total="1" errors="1" failures="0" not-run="0" inconclusive="0" ignored="0" skipped="0" invalid="0" date="2015-03-03" time="23:35:56">
  <environment nunit-version="2.6.4.14350" clr-version="2.0.50727.5420" os-version="Microsoft Windows NT 6.1.7601 Service Pack 1" platform="Win32NT" cwd="C:\Program Files (x86)\NUnit 2.6.4\bin" machine-name="SOHY-PC" user="SOHY" user-domain="SOHY-PC" />
  <culture-info current-culture="en-US" current-uiculture="en-US" />
  <test-suite type="Assembly" name="C:\Users\SOHY\Desktop\Sales-Solution\Sales.Services.Test\bin\Debug\Sales.Services.Test.dll" executed="True" result="Failure" success="False" time="13.030" asserts="0">
    <results>
      <test-suite type="Namespace" name="Sales" executed="True" result="Failure" success="False" time="12.998" asserts="0">
        <results>
          <test-suite type="Namespace" name="Services" executed="True" result="Failure" success="False" time="12.997" asserts="0">
            <results>
              <test-suite type="Namespace" name="Test" executed="True" result="Failure" success="False" time="12.997" asserts="0">
                <results>
                  <test-suite type="TestFixture" name="test" executed="True" result="Failure" success="False" time="12.993" asserts="0">
                    <results>
                      <test-case name="Sales.Services.Test.test.GetOrder" executed="True" result="Error" success="False" time="11.359" asserts="0">
                        <failure>
                          <message><![CDATA[System.NullReferenceException : Object reference not set to an instance of an object.]]></message>
                          <stack-trace><![CDATA[at Sales.Services.Implementation.OrderServices.GetOrder(Int32 orderId) in c:\Users\SOHY\Desktop\Sales-Solution\Sales.Services\Implementation\OrderServices.cs:line 35
at Sales.Services.Test.test.GetOrder() in c:\Users\SOHY\Desktop\Sales-Solution\Sales.Services.Test\test.cs:line 20
]]></stack-trace>
                        </failure>
                      </test-case>
                    </results>
                  </test-suite>
                </results>
              </test-suite>
            </results>
          </test-suite>
        </results>
      </test-suite>
    </results>
  </test-suite>
</test-results>